# JRE version: Java(TM) SE Runtime Environment (8.0_271-b09) (build 1.8.0_271-b09)
# Java VM: Java HotSpot(TM) 64-Bit Server VM (25.271-b09 mixed mode windows-amd64 compressed oops)
Heap:
 PSYoungGen      total 18432K, used 17991K [0x00000000eb900000, 0x00000000ed100000, 0x0000000100000000)
  eden space 15872K, 97% used [0x00000000eb900000,0x00000000ec812f90,0x00000000ec880000)
  from space 2560K, 99% used [0x00000000ecb00000,0x00000000ecd7ed88,0x00000000ecd80000)
  to   space 2560K, 0% used [0x00000000ec880000,0x00000000ec880000,0x00000000ecb00000)
 ParOldGen       total 31744K, used 2854K [0x00000000c2a00000, 0x00000000c4900000, 0x00000000eb900000)
  object space 31744K, 8% used [0x00000000c2a00000,0x00000000c2cc99d8,0x00000000c4900000)
 Metaspace       used 18055K, capacity 18266K, committed 18560K, reserved 1069056K
  class space    used 2263K, capacity 2334K, committed 2432K, reserved 1048576K
GC Heap History (6 events):
Event: 1.914 GC heap before
{Heap before GC invocations=1 (full 0):
 PSYoungGen      total 18432K, used 10521K [0x00000000eb900000, 0x00000000ecd80000, 0x0000000100000000)
  eden space 15872K, 66% used [0x00000000eb900000,0x00000000ec3467f8,0x00000000ec880000)
  from space 2560K, 0% used [0x00000000ecb00000,0x00000000ecb00000,0x00000000ecd80000)
  to   space 2560K, 0% used [0x00000000ec880000,0x00000000ec880000,0x00000000ecb00000)
 ParOldGen       total 42496K, used 0K [0x00000000c2a00000, 0x00000000c5380000, 0x00000000eb900000)
  object space 42496K, 0% used [0x00000000c2a00000,0x00000000c2a00000,0x00000000c5380000)
 Metaspace       used 10589K, capacity 10704K, committed 10880K, reserved 1064960K
  class space    used 1305K, capacity 1354K, committed 1408K, reserved 1048576K
Event: 1.919 GC heap after
Heap after GC invocations=1 (full 0):
 PSYoungGen      total 18432K, used 2553K [0x00000000eb900000, 0x00000000ecd80000, 0x0000000100000000)
  eden space 15872K, 0% used [0x00000000eb900000,0x00000000eb900000,0x00000000ec880000)
  from space 2560K, 99% used [0x00000000ec880000,0x00000000ecafe5d0,0x00000000ecb00000)
  to   space 2560K, 0% used [0x00000000ecb00000,0x00000000ecb00000,0x00000000ecd80000)
 ParOldGen       total 42496K, used 56K [0x00000000c2a00000, 0x00000000c5380000, 0x00000000eb900000)
  object space 42496K, 0% used [0x00000000c2a00000,0x00000000c2a0e000,0x00000000c5380000)
 Metaspace       used 10589K, capacity 10704K, committed 10880K, reserved 1064960K
  class space    used 1305K, capacity 1354K, committed 1408K, reserved 1048576K
}
Event: 1.919 GC heap before
{Heap before GC invocations=2 (full 1):
 PSYoungGen      total 18432K, used 2553K [0x00000000eb900000, 0x00000000ecd80000, 0x0000000100000000)
  eden space 15872K, 0% used [0x00000000eb900000,0x00000000eb900000,0x00000000ec880000)
  from space 2560K, 99% used [0x00000000ec880000,0x00000000ecafe5d0,0x00000000ecb00000)
  to   space 2560K, 0% used [0x00000000ecb00000,0x00000000ecb00000,0x00000000ecd80000)
 ParOldGen       total 42496K, used 56K [0x00000000c2a00000, 0x00000000c5380000, 0x00000000eb900000)
  object space 42496K, 0% used [0x00000000c2a00000,0x00000000c2a0e000,0x00000000c5380000)
 Metaspace       used 10589K, capacity 10704K, committed 10880K, reserved 1064960K
  class space    used 1305K, capacity 1354K, committed 1408K, reserved 1048576K
Event: 1.971 GC heap after
Heap after GC invocations=2 (full 1):
 PSYoungGen      total 18432K, used 0K [0x00000000eb900000, 0x00000000ecd80000, 0x0000000100000000)
  eden space 15872K, 0% used [0x00000000eb900000,0x00000000eb900000,0x00000000ec880000)
  from space 2560K, 0% used [0x00000000ec880000,0x00000000ec880000,0x00000000ecb00000)
  to   space 2560K, 0% used [0x00000000ecb00000,0x00000000ecb00000,0x00000000ecd80000)
 ParOldGen       total 31744K, used 2484K [0x00000000c2a00000, 0x00000000c4900000, 0x00000000eb900000)
  object space 31744K, 7% used [0x00000000c2a00000,0x00000000c2c6d1f8,0x00000000c4900000)
 Metaspace       used 10589K, capacity 10704K, committed 10880K, reserved 1062912K
  class space    used 1305K, capacity 1354K, committed 1408K, reserved 1048576K
}
Event: 3.159 GC heap before
{Heap before GC invocations=3 (full 1):
 PSYoungGen      total 18432K, used 15872K [0x00000000eb900000, 0x00000000ecd80000, 0x0000000100000000)
  eden space 15872K, 100% used [0x00000000eb900000,0x00000000ec880000,0x00000000ec880000)
  from space 2560K, 0% used [0x00000000ec880000,0x00000000ec880000,0x00000000ecb00000)
  to   space 2560K, 0% used [0x00000000ecb00000,0x00000000ecb00000,0x00000000ecd80000)
 ParOldGen       total 31744K, used 2484K [0x00000000c2a00000, 0x00000000c4900000, 0x00000000eb900000)
  object space 31744K, 7% used [0x00000000c2a00000,0x00000000c2c6d1f8,0x00000000c4900000)
 Metaspace       used 14555K, capacity 14744K, committed 14976K, reserved 1064960K
  class space    used 1778K, capacity 1849K, committed 1920K, reserved 1048576K
Event: 3.165 GC heap after
Heap after GC invocations=3 (full 1):
 PSYoungGen      total 18432K, used 2555K [0x00000000eb900000, 0x00000000ed100000, 0x0000000100000000)
  eden space 15872K, 0% used [0x00000000eb900000,0x00000000eb900000,0x00000000ec880000)
  from space 2560K, 99% used [0x00000000ecb00000,0x00000000ecd7ed88,0x00000000ecd80000)
  to   space 2560K, 0% used [0x00000000ec880000,0x00000000ec880000,0x00000000ecb00000)
 ParOldGen       total 31744K, used 2854K [0x00000000c2a00000, 0x00000000c4900000, 0x00000000eb900000)
  object space 31744K, 8% used [0x00000000c2a00000,0x00000000c2cc99d8,0x00000000c4900000)
 Metaspace       used 14555K, capacity 14744K, committed 14976K, reserved 1064960K
  class space    used 1778K, capacity 1849K, committed 1920K, reserved 1048576K
}

